mode: set
github.com/waliqueiroz/devbook-api/controller/post.go:21.83,25.2 1 0
github.com/waliqueiroz/devbook-api/controller/post.go:28.80,30.16 2 0
github.com/waliqueiroz/devbook-api/controller/post.go:35.2,36.16 2 0
github.com/waliqueiroz/devbook-api/controller/post.go:41.2,41.40 1 0
github.com/waliqueiroz/devbook-api/controller/post.go:30.16,33.3 2 0
github.com/waliqueiroz/devbook-api/controller/post.go:36.16,39.3 2 0
github.com/waliqueiroz/devbook-api/controller/post.go:46.81,48.16 2 0
github.com/waliqueiroz/devbook-api/controller/post.go:53.2,54.16 2 0
github.com/waliqueiroz/devbook-api/controller/post.go:59.2,61.16 3 0
github.com/waliqueiroz/devbook-api/controller/post.go:66.2,68.39 2 0
github.com/waliqueiroz/devbook-api/controller/post.go:73.2,74.16 2 0
github.com/waliqueiroz/devbook-api/controller/post.go:79.2,79.47 1 0
github.com/waliqueiroz/devbook-api/controller/post.go:48.16,51.3 2 0
github.com/waliqueiroz/devbook-api/controller/post.go:54.16,57.3 2 0
github.com/waliqueiroz/devbook-api/controller/post.go:61.16,64.3 2 0
github.com/waliqueiroz/devbook-api/controller/post.go:68.39,71.3 2 0
github.com/waliqueiroz/devbook-api/controller/post.go:74.16,77.3 2 0
github.com/waliqueiroz/devbook-api/controller/post.go:83.79,87.16 3 0
github.com/waliqueiroz/devbook-api/controller/post.go:92.2,94.16 2 0
github.com/waliqueiroz/devbook-api/controller/post.go:99.2,99.39 1 0
github.com/waliqueiroz/devbook-api/controller/post.go:87.16,90.3 2 0
github.com/waliqueiroz/devbook-api/controller/post.go:94.16,97.3 2 0
github.com/waliqueiroz/devbook-api/controller/post.go:103.81,105.16 2 0
github.com/waliqueiroz/devbook-api/controller/post.go:110.2,113.16 3 0
github.com/waliqueiroz/devbook-api/controller/post.go:118.2,119.16 2 0
github.com/waliqueiroz/devbook-api/controller/post.go:124.2,124.35 1 0
github.com/waliqueiroz/devbook-api/controller/post.go:129.2,130.16 2 0
github.com/waliqueiroz/devbook-api/controller/post.go:135.2,137.16 3 0
github.com/waliqueiroz/devbook-api/controller/post.go:142.2,143.16 2 0
github.com/waliqueiroz/devbook-api/controller/post.go:148.2,148.45 1 0
github.com/waliqueiroz/devbook-api/controller/post.go:105.16,108.3 2 0
github.com/waliqueiroz/devbook-api/controller/post.go:113.16,116.3 2 0
github.com/waliqueiroz/devbook-api/controller/post.go:119.16,122.3 2 0
github.com/waliqueiroz/devbook-api/controller/post.go:124.35,127.3 2 0
github.com/waliqueiroz/devbook-api/controller/post.go:130.16,133.3 2 0
github.com/waliqueiroz/devbook-api/controller/post.go:137.16,140.3 2 0
github.com/waliqueiroz/devbook-api/controller/post.go:143.16,146.3 2 0
github.com/waliqueiroz/devbook-api/controller/post.go:153.81,155.16 2 0
github.com/waliqueiroz/devbook-api/controller/post.go:160.2,163.16 3 0
github.com/waliqueiroz/devbook-api/controller/post.go:168.2,169.16 2 0
github.com/waliqueiroz/devbook-api/controller/post.go:174.2,174.35 1 0
github.com/waliqueiroz/devbook-api/controller/post.go:179.2,180.16 2 0
github.com/waliqueiroz/devbook-api/controller/post.go:185.2,185.45 1 0
github.com/waliqueiroz/devbook-api/controller/post.go:155.16,158.3 2 0
github.com/waliqueiroz/devbook-api/controller/post.go:163.16,166.3 2 0
github.com/waliqueiroz/devbook-api/controller/post.go:169.16,172.3 2 0
github.com/waliqueiroz/devbook-api/controller/post.go:174.35,177.3 2 0
github.com/waliqueiroz/devbook-api/controller/post.go:180.16,183.3 2 0
github.com/waliqueiroz/devbook-api/controller/post.go:189.85,193.16 3 0
github.com/waliqueiroz/devbook-api/controller/post.go:198.2,200.16 2 0
github.com/waliqueiroz/devbook-api/controller/post.go:205.2,205.39 1 0
github.com/waliqueiroz/devbook-api/controller/post.go:193.16,196.3 2 0
github.com/waliqueiroz/devbook-api/controller/post.go:200.16,203.3 2 0
github.com/waliqueiroz/devbook-api/controller/post.go:209.83,213.16 3 0
github.com/waliqueiroz/devbook-api/controller/post.go:218.2,219.16 2 0
github.com/waliqueiroz/devbook-api/controller/post.go:224.2,224.45 1 0
github.com/waliqueiroz/devbook-api/controller/post.go:213.16,216.3 2 0
github.com/waliqueiroz/devbook-api/controller/post.go:219.16,222.3 2 0
github.com/waliqueiroz/devbook-api/controller/post.go:229.86,233.16 3 0
github.com/waliqueiroz/devbook-api/controller/post.go:238.2,239.16 2 0
github.com/waliqueiroz/devbook-api/controller/post.go:244.2,244.45 1 0
github.com/waliqueiroz/devbook-api/controller/post.go:233.16,236.3 2 0
github.com/waliqueiroz/devbook-api/controller/post.go:239.16,242.3 2 0
github.com/waliqueiroz/devbook-api/controller/user.go:24.82,28.2 1 1
github.com/waliqueiroz/devbook-api/controller/user.go:31.80,36.16 3 1
github.com/waliqueiroz/devbook-api/controller/user.go:41.2,41.40 1 1
github.com/waliqueiroz/devbook-api/controller/user.go:36.16,39.3 2 0
github.com/waliqueiroz/devbook-api/controller/user.go:45.81,47.16 2 1
github.com/waliqueiroz/devbook-api/controller/user.go:52.2,54.16 3 1
github.com/waliqueiroz/devbook-api/controller/user.go:59.2,59.48 1 1
github.com/waliqueiroz/devbook-api/controller/user.go:64.2,66.16 2 1
github.com/waliqueiroz/devbook-api/controller/user.go:71.2,71.47 1 1
github.com/waliqueiroz/devbook-api/controller/user.go:47.16,50.3 2 1
github.com/waliqueiroz/devbook-api/controller/user.go:54.16,57.3 2 1
github.com/waliqueiroz/devbook-api/controller/user.go:59.48,62.3 2 1
github.com/waliqueiroz/devbook-api/controller/user.go:66.16,69.3 2 0
github.com/waliqueiroz/devbook-api/controller/user.go:75.79,79.16 3 1
github.com/waliqueiroz/devbook-api/controller/user.go:84.2,86.16 2 1
github.com/waliqueiroz/devbook-api/controller/user.go:91.2,91.39 1 1
github.com/waliqueiroz/devbook-api/controller/user.go:79.16,82.3 2 1
github.com/waliqueiroz/devbook-api/controller/user.go:86.16,89.3 2 0
github.com/waliqueiroz/devbook-api/controller/user.go:95.81,99.16 3 0
github.com/waliqueiroz/devbook-api/controller/user.go:104.2,105.16 2 0
github.com/waliqueiroz/devbook-api/controller/user.go:110.2,110.27 1 0
github.com/waliqueiroz/devbook-api/controller/user.go:115.2,116.16 2 0
github.com/waliqueiroz/devbook-api/controller/user.go:121.2,123.16 3 0
github.com/waliqueiroz/devbook-api/controller/user.go:128.2,128.46 1 0
github.com/waliqueiroz/devbook-api/controller/user.go:133.2,134.16 2 0
github.com/waliqueiroz/devbook-api/controller/user.go:139.2,139.45 1 0
github.com/waliqueiroz/devbook-api/controller/user.go:99.16,102.3 2 0
github.com/waliqueiroz/devbook-api/controller/user.go:105.16,108.3 2 0
github.com/waliqueiroz/devbook-api/controller/user.go:110.27,113.3 2 0
github.com/waliqueiroz/devbook-api/controller/user.go:116.16,119.3 2 0
github.com/waliqueiroz/devbook-api/controller/user.go:123.16,126.3 2 0
github.com/waliqueiroz/devbook-api/controller/user.go:128.46,131.3 2 0
github.com/waliqueiroz/devbook-api/controller/user.go:134.16,137.3 2 0
github.com/waliqueiroz/devbook-api/controller/user.go:143.81,147.16 3 0
github.com/waliqueiroz/devbook-api/controller/user.go:152.2,153.16 2 0
github.com/waliqueiroz/devbook-api/controller/user.go:158.2,158.27 1 0
github.com/waliqueiroz/devbook-api/controller/user.go:163.2,164.16 2 0
github.com/waliqueiroz/devbook-api/controller/user.go:169.2,169.45 1 0
github.com/waliqueiroz/devbook-api/controller/user.go:147.16,150.3 2 0
github.com/waliqueiroz/devbook-api/controller/user.go:153.16,156.3 2 0
github.com/waliqueiroz/devbook-api/controller/user.go:158.27,161.3 2 0
github.com/waliqueiroz/devbook-api/controller/user.go:164.16,167.3 2 0
github.com/waliqueiroz/devbook-api/controller/user.go:173.85,175.16 2 0
github.com/waliqueiroz/devbook-api/controller/user.go:180.2,183.16 3 0
github.com/waliqueiroz/devbook-api/controller/user.go:188.2,188.26 1 0
github.com/waliqueiroz/devbook-api/controller/user.go:193.2,193.77 1 0
github.com/waliqueiroz/devbook-api/controller/user.go:198.2,198.45 1 0
github.com/waliqueiroz/devbook-api/controller/user.go:175.16,178.3 2 0
github.com/waliqueiroz/devbook-api/controller/user.go:183.16,186.3 2 0
github.com/waliqueiroz/devbook-api/controller/user.go:188.26,191.3 2 0
github.com/waliqueiroz/devbook-api/controller/user.go:193.77,196.3 2 0
github.com/waliqueiroz/devbook-api/controller/user.go:202.87,204.16 2 0
github.com/waliqueiroz/devbook-api/controller/user.go:209.2,212.16 3 0
github.com/waliqueiroz/devbook-api/controller/user.go:217.2,217.26 1 0
github.com/waliqueiroz/devbook-api/controller/user.go:222.2,222.79 1 0
github.com/waliqueiroz/devbook-api/controller/user.go:227.2,227.45 1 0
github.com/waliqueiroz/devbook-api/controller/user.go:204.16,207.3 2 0
github.com/waliqueiroz/devbook-api/controller/user.go:212.16,215.3 2 0
github.com/waliqueiroz/devbook-api/controller/user.go:217.26,220.3 2 0
github.com/waliqueiroz/devbook-api/controller/user.go:222.79,225.3 2 0
github.com/waliqueiroz/devbook-api/controller/user.go:231.90,235.16 3 0
github.com/waliqueiroz/devbook-api/controller/user.go:240.2,241.16 2 0
github.com/waliqueiroz/devbook-api/controller/user.go:246.2,246.44 1 0
github.com/waliqueiroz/devbook-api/controller/user.go:235.16,238.3 2 0
github.com/waliqueiroz/devbook-api/controller/user.go:241.16,244.3 2 0
github.com/waliqueiroz/devbook-api/controller/user.go:250.90,254.16 3 0
github.com/waliqueiroz/devbook-api/controller/user.go:259.2,260.16 2 0
github.com/waliqueiroz/devbook-api/controller/user.go:265.2,265.44 1 0
github.com/waliqueiroz/devbook-api/controller/user.go:254.16,257.3 2 0
github.com/waliqueiroz/devbook-api/controller/user.go:260.16,263.3 2 0
github.com/waliqueiroz/devbook-api/controller/user.go:269.89,271.16 2 0
github.com/waliqueiroz/devbook-api/controller/user.go:276.2,279.16 3 0
github.com/waliqueiroz/devbook-api/controller/user.go:284.2,284.27 1 0
github.com/waliqueiroz/devbook-api/controller/user.go:289.2,290.16 2 0
github.com/waliqueiroz/devbook-api/controller/user.go:295.2,297.16 3 0
github.com/waliqueiroz/devbook-api/controller/user.go:302.2,303.16 2 0
github.com/waliqueiroz/devbook-api/controller/user.go:308.2,308.74 1 0
github.com/waliqueiroz/devbook-api/controller/user.go:313.2,314.16 2 0
github.com/waliqueiroz/devbook-api/controller/user.go:319.2,320.16 2 0
github.com/waliqueiroz/devbook-api/controller/user.go:325.2,325.45 1 0
github.com/waliqueiroz/devbook-api/controller/user.go:271.16,274.3 2 0
github.com/waliqueiroz/devbook-api/controller/user.go:279.16,282.3 2 0
github.com/waliqueiroz/devbook-api/controller/user.go:284.27,287.3 2 0
github.com/waliqueiroz/devbook-api/controller/user.go:290.16,293.3 2 0
github.com/waliqueiroz/devbook-api/controller/user.go:297.16,300.3 2 0
github.com/waliqueiroz/devbook-api/controller/user.go:303.16,306.3 2 0
github.com/waliqueiroz/devbook-api/controller/user.go:308.74,311.3 2 0
github.com/waliqueiroz/devbook-api/controller/user.go:314.16,317.3 2 0
github.com/waliqueiroz/devbook-api/controller/user.go:320.16,323.3 2 0
github.com/waliqueiroz/devbook-api/controller/auth.go:20.82,24.2 1 0
github.com/waliqueiroz/devbook-api/controller/auth.go:27.80,29.16 2 0
github.com/waliqueiroz/devbook-api/controller/auth.go:34.2,36.16 3 0
github.com/waliqueiroz/devbook-api/controller/auth.go:41.2,42.16 2 0
github.com/waliqueiroz/devbook-api/controller/auth.go:47.2,48.16 2 0
github.com/waliqueiroz/devbook-api/controller/auth.go:53.2,54.16 2 0
github.com/waliqueiroz/devbook-api/controller/auth.go:59.2,59.24 1 0
github.com/waliqueiroz/devbook-api/controller/auth.go:29.16,32.3 2 0
github.com/waliqueiroz/devbook-api/controller/auth.go:36.16,39.3 2 0
github.com/waliqueiroz/devbook-api/controller/auth.go:42.16,45.3 2 0
github.com/waliqueiroz/devbook-api/controller/auth.go:48.16,51.3 2 0
github.com/waliqueiroz/devbook-api/controller/auth.go:54.16,57.3 2 0
